{"name": "test_create_material", "status": "broken", "statusDetails": {"message": "selenium.common.exceptions.NoSuchElementException: Message: no such element: Unable to locate element: {\"method\":\"xpath\",\"selector\":\"//ul[@role=\"listbox\"]//li[@tabindex=\"-1\"]\"}\n  (Session info: chrome=115.0.5790.111)\nStacktrace:\nBacktrace:\n\tGetHandleVerifier [0x009BA813+48355]\n\t(No symbol) [0x0094C4B1]\n\t(No symbol) [0x00855358]\n\t(No symbol) [0x008809A5]\n\t(No symbol) [0x00880B3B]\n\t(No symbol) [0x008AE232]\n\t(No symbol) [0x0089A784]\n\t(No symbol) [0x008AC922]\n\t(No symbol) [0x0089A536]\n\t(No symbol) [0x008782DC]\n\t(No symbol) [0x008793DD]\n\tGetHandleVerifier [0x00C1AABD+2539405]\n\tGetHandleVerifier [0x00C5A78F+2800735]\n\tGetHandleVerifier [0x00C5456C+2775612]\n\tGetHandleVerifier [0x00A451E0+616112]\n\t(No symbol) [0x00955F8C]\n\t(No symbol) [0x00952328]\n\t(No symbol) [0x0095240B]\n\t(No symbol) [0x00944FF7]\n\tBaseThreadInitThunk [0x764700C9+25]\n\tRtlGetAppContainerNamedObjectPath [0x77457B4E+286]\n\tRtlGetAppContainerNamedObjectPath [0x77457B1E+238]", "trace": "self = <testcase.material_case.test_material_case.TestMaterial object at 0x00000252CB9527A0>\n\n    @pytest.mark.P0   # po用例\n    @allure.testcase(url='', name=\"新增物料\")\n    def test_create_material(self):\n    \n>       assert_info = self.mt.create_material()\n\nmaterial_case\\test_material_case.py:25: \n_ _ _ _ _ _ _ _ _ _ _ _ _ _ _ _ _ _ _ _ _ _ _ _ _ _ _ _ _ _ _ _ _ _ _ _ _ _ _ _ _ _ _ _ _ _ _ _ _ _ _ _ _ _ _ _ _ _ _ _ _ _ _ _ _ _ _ _ _ _ _ _ _ _ _ _ _ _ _ _ _ _ _ _ _ _ _ _ _ _ _ _ _ _ _ _ _ _ _ _ _ _ _ _ \n..\\page_manager\\material\\material_page.py:38: in create_material\n    self.driver.find_element(\"xpath\", '//ul[@role=\"listbox\"]//li[@tabindex=\"-1\"]').click()\nD:\\python3.10\\lib\\site-packages\\selenium\\webdriver\\remote\\webdriver.py:831: in find_element\n    return self.execute(Command.FIND_ELEMENT, {\"using\": by, \"value\": value})[\"value\"]\nD:\\python3.10\\lib\\site-packages\\selenium\\webdriver\\remote\\webdriver.py:440: in execute\n    self.error_handler.check_response(response)\n_ _ _ _ _ _ _ _ _ _ _ _ _ _ _ _ _ _ _ _ _ _ _ _ _ _ _ _ _ _ _ _ _ _ _ _ _ _ _ _ _ _ _ _ _ _ _ _ _ _ _ _ _ _ _ _ _ _ _ _ _ _ _ _ _ _ _ _ _ _ _ _ _ _ _ _ _ _ _ _ _ _ _ _ _ _ _ _ _ _ _ _ _ _ _ _ _ _ _ _ _ _ _ _ \n\nself = <selenium.webdriver.remote.errorhandler.ErrorHandler object at 0x00000252CC64B5B0>\nresponse = {'status': 404, 'value': '{\"value\":{\"error\":\"no such element\",\"message\":\"no such element: Unable to locate element: {\\...\\n\\\\tRtlGetAppContainerNamedObjectPath [0x77457B4E+286]\\\\n\\\\tRtlGetAppContainerNamedObjectPath [0x77457B1E+238]\\\\n\"}}'}\n\n    def check_response(self, response: Dict[str, Any]) -> None:\n        \"\"\"Checks that a JSON response from the WebDriver does not have an\n        error.\n    \n        :Args:\n         - response - The JSON response from the WebDriver server as a dictionary\n           object.\n    \n        :Raises: If the response contains an error message.\n        \"\"\"\n        status = response.get(\"status\", None)\n        if not status or status == ErrorCode.SUCCESS:\n            return\n        value = None\n        message = response.get(\"message\", \"\")\n        screen: str = response.get(\"screen\", \"\")\n        stacktrace = None\n        if isinstance(status, int):\n            value_json = response.get(\"value\", None)\n            if value_json and isinstance(value_json, str):\n                import json\n    \n                try:\n                    value = json.loads(value_json)\n                    if len(value) == 1:\n                        value = value[\"value\"]\n                    status = value.get(\"error\", None)\n                    if not status:\n                        status = value.get(\"status\", ErrorCode.UNKNOWN_ERROR)\n                        message = value.get(\"value\") or value.get(\"message\")\n                        if not isinstance(message, str):\n                            value = message\n                            message = message.get(\"message\")\n                    else:\n                        message = value.get(\"message\", None)\n                except ValueError:\n                    pass\n    \n        exception_class: Type[WebDriverException]\n        if status in ErrorCode.NO_SUCH_ELEMENT:\n            exception_class = NoSuchElementException\n        elif status in ErrorCode.NO_SUCH_FRAME:\n            exception_class = NoSuchFrameException\n        elif status in ErrorCode.NO_SUCH_SHADOW_ROOT:\n            exception_class = NoSuchShadowRootException\n        elif status in ErrorCode.NO_SUCH_WINDOW:\n            exception_class = NoSuchWindowException\n        elif status in ErrorCode.STALE_ELEMENT_REFERENCE:\n            exception_class = StaleElementReferenceException\n        elif status in ErrorCode.ELEMENT_NOT_VISIBLE:\n            exception_class = ElementNotVisibleException\n        elif status in ErrorCode.INVALID_ELEMENT_STATE:\n            exception_class = InvalidElementStateException\n        elif (\n            status in ErrorCode.INVALID_SELECTOR\n            or status in ErrorCode.INVALID_XPATH_SELECTOR\n            or status in ErrorCode.INVALID_XPATH_SELECTOR_RETURN_TYPER\n        ):\n            exception_class = InvalidSelectorException\n        elif status in ErrorCode.ELEMENT_IS_NOT_SELECTABLE:\n            exception_class = ElementNotSelectableException\n        elif status in ErrorCode.ELEMENT_NOT_INTERACTABLE:\n            exception_class = ElementNotInteractableException\n        elif status in ErrorCode.INVALID_COOKIE_DOMAIN:\n            exception_class = InvalidCookieDomainException\n        elif status in ErrorCode.UNABLE_TO_SET_COOKIE:\n            exception_class = UnableToSetCookieException\n        elif status in ErrorCode.TIMEOUT:\n            exception_class = TimeoutException\n        elif status in ErrorCode.SCRIPT_TIMEOUT:\n            exception_class = TimeoutException\n        elif status in ErrorCode.UNKNOWN_ERROR:\n            exception_class = WebDriverException\n        elif status in ErrorCode.UNEXPECTED_ALERT_OPEN:\n            exception_class = UnexpectedAlertPresentException\n        elif status in ErrorCode.NO_ALERT_OPEN:\n            exception_class = NoAlertPresentException\n        elif status in ErrorCode.IME_NOT_AVAILABLE:\n            exception_class = ImeNotAvailableException\n        elif status in ErrorCode.IME_ENGINE_ACTIVATION_FAILED:\n            exception_class = ImeActivationFailedException\n        elif status in ErrorCode.MOVE_TARGET_OUT_OF_BOUNDS:\n            exception_class = MoveTargetOutOfBoundsException\n        elif status in ErrorCode.JAVASCRIPT_ERROR:\n            exception_class = JavascriptException\n        elif status in ErrorCode.SESSION_NOT_CREATED:\n            exception_class = SessionNotCreatedException\n        elif status in ErrorCode.INVALID_ARGUMENT:\n            exception_class = InvalidArgumentException\n        elif status in ErrorCode.NO_SUCH_COOKIE:\n            exception_class = NoSuchCookieException\n        elif status in ErrorCode.UNABLE_TO_CAPTURE_SCREEN:\n            exception_class = ScreenshotException\n        elif status in ErrorCode.ELEMENT_CLICK_INTERCEPTED:\n            exception_class = ElementClickInterceptedException\n        elif status in ErrorCode.INSECURE_CERTIFICATE:\n            exception_class = InsecureCertificateException\n        elif status in ErrorCode.INVALID_COORDINATES:\n            exception_class = InvalidCoordinatesException\n        elif status in ErrorCode.INVALID_SESSION_ID:\n            exception_class = InvalidSessionIdException\n        elif status in ErrorCode.UNKNOWN_METHOD:\n            exception_class = UnknownMethodException\n        else:\n            exception_class = WebDriverException\n        if not value:\n            value = response[\"value\"]\n        if isinstance(value, str):\n            raise exception_class(value)\n        if message == \"\" and \"message\" in value:\n            message = value[\"message\"]\n    \n        screen = None  # type: ignore[assignment]\n        if \"screen\" in value:\n            screen = value[\"screen\"]\n    \n        stacktrace = None\n        st_value = value.get(\"stackTrace\") or value.get(\"stacktrace\")\n        if st_value:\n            if isinstance(st_value, str):\n                stacktrace = st_value.split(\"\\n\")\n            else:\n                stacktrace = []\n                try:\n                    for frame in st_value:\n                        line = frame.get(\"lineNumber\", \"\")\n                        file = frame.get(\"fileName\", \"<anonymous>\")\n                        if line:\n                            file = f\"{file}:{line}\"\n                        meth = frame.get(\"methodName\", \"<anonymous>\")\n                        if \"className\" in frame:\n                            meth = f\"{frame['className']}.{meth}\"\n                        msg = \"    at %s (%s)\"\n                        msg = msg % (meth, file)\n                        stacktrace.append(msg)\n                except TypeError:\n                    pass\n        if exception_class == UnexpectedAlertPresentException:\n            alert_text = None\n            if \"data\" in value:\n                alert_text = value[\"data\"].get(\"text\")\n            elif \"alert\" in value:\n                alert_text = value[\"alert\"].get(\"text\")\n            raise exception_class(message, screen, stacktrace, alert_text)  # type: ignore[call-arg]  # mypy is not smart enough here\n>       raise exception_class(message, screen, stacktrace)\nE       selenium.common.exceptions.NoSuchElementException: Message: no such element: Unable to locate element: {\"method\":\"xpath\",\"selector\":\"//ul[@role=\"listbox\"]//li[@tabindex=\"-1\"]\"}\nE         (Session info: chrome=115.0.5790.111)\nE       Stacktrace:\nE       Backtrace:\nE       \tGetHandleVerifier [0x009BA813+48355]\nE       \t(No symbol) [0x0094C4B1]\nE       \t(No symbol) [0x00855358]\nE       \t(No symbol) [0x008809A5]\nE       \t(No symbol) [0x00880B3B]\nE       \t(No symbol) [0x008AE232]\nE       \t(No symbol) [0x0089A784]\nE       \t(No symbol) [0x008AC922]\nE       \t(No symbol) [0x0089A536]\nE       \t(No symbol) [0x008782DC]\nE       \t(No symbol) [0x008793DD]\nE       \tGetHandleVerifier [0x00C1AABD+2539405]\nE       \tGetHandleVerifier [0x00C5A78F+2800735]\nE       \tGetHandleVerifier [0x00C5456C+2775612]\nE       \tGetHandleVerifier [0x00A451E0+616112]\nE       \t(No symbol) [0x00955F8C]\nE       \t(No symbol) [0x00952328]\nE       \t(No symbol) [0x0095240B]\nE       \t(No symbol) [0x00944FF7]\nE       \tBaseThreadInitThunk [0x764700C9+25]\nE       \tRtlGetAppContainerNamedObjectPath [0x77457B4E+286]\nE       \tRtlGetAppContainerNamedObjectPath [0x77457B1E+238]\n\nD:\\python3.10\\lib\\site-packages\\selenium\\webdriver\\remote\\errorhandler.py:245: NoSuchElementException"}, "start": 1691418244561, "stop": 1691418264575, "uuid": "71661701-7cf8-4f7f-ba2f-5ac216363a30", "historyId": "345ee192d9ded0438dc0dd0dec6d22ae", "testCaseId": "345ee192d9ded0438dc0dd0dec6d22ae", "fullName": "material_case.test_material_case.TestMaterial#test_create_material", "labels": [{"name": "tag", "value": "P0"}, {"name": "tag", "value": "run(order=7)"}, {"name": "parentSuite", "value": "material_case"}, {"name": "suite", "value": "test_material_case"}, {"name": "subSuite", "value": "TestMaterial"}, {"name": "host", "value": "LAPTOP-GID304T1"}, {"name": "thread", "value": "11476-MainThread"}, {"name": "framework", "value": "pytest"}, {"name": "language", "value": "cpython3"}, {"name": "package", "value": "material_case.test_material_case"}], "links": [{"type": "tms", "name": "新增物料"}]}